<?xml version="1.0" encoding="UTF-8"?>
<!-- Generated by org.testng.reporters.JUnitXMLReporter -->
<testsuite ignored="0" hostname="DESKTOP-VHBQEUI" failures="0" tests="3" name="Test" time="6.675" errors="0" timestamp="2023-07-03T18:47:48 IST">
  <testcase classname="Test_Classes.Post_TC1" name="extractor" time="3.822"/>
  <testcase classname="Test_Classes.Get_TC1" name="extractor" time="1.074"/>
  <testcase classname="Test_Classes.Put_TC1" name="extractor" time="1.685"/>
</testsuite> <!-- Test -->
