<?xml version="1.0" encoding="UTF-8"?>
<testng-results ignored="0" total="3" passed="3" failed="0" skipped="0">
  <reporter-output>
  </reporter-output>
  <suite started-at="2023-07-03T18:47:42 IST" name="Suite" finished-at="2023-07-03T18:47:48 IST" duration-ms="6675">
    <groups>
    </groups>
    <test started-at="2023-07-03T18:47:42 IST" name="Test" finished-at="2023-07-03T18:47:48 IST" duration-ms="6675">
      <class name="Test_Classes.Post_TC1">
        <test-method signature="extractor()[pri:0, instance:Test_Classes.Post_TC1@35dab4eb]" started-at="2023-07-03T18:47:42 IST" name="extractor" finished-at="2023-07-03T18:47:45 IST" duration-ms="3822" status="PASS">
          <reporter-output>
          </reporter-output>
        </test-method> <!-- extractor -->
      </class> <!-- Test_Classes.Post_TC1 -->
      <class name="Test_Classes.Put_TC1">
        <test-method signature="extractor()[pri:0, instance:Test_Classes.Put_TC1@48075da3]" started-at="2023-07-03T18:47:46 IST" name="extractor" finished-at="2023-07-03T18:47:48 IST" duration-ms="1685" status="PASS">
          <reporter-output>
          </reporter-output>
        </test-method> <!-- extractor -->
      </class> <!-- Test_Classes.Put_TC1 -->
      <class name="Test_Classes.Get_TC1">
        <test-method signature="extractor()[pri:0, instance:Test_Classes.Get_TC1@8458f04]" started-at="2023-07-03T18:47:45 IST" name="extractor" finished-at="2023-07-03T18:47:46 IST" duration-ms="1074" status="PASS">
          <reporter-output>
          </reporter-output>
        </test-method> <!-- extractor -->
      </class> <!-- Test_Classes.Get_TC1 -->
    </test> <!-- Test -->
  </suite> <!-- Suite -->
</testng-results>
